09/11/2023,16:40:18,LongTerm1,,60101,Log File Created
09/11/2023,16:40:18,LongTerm1,,60104,Software Version,2.1.20079.01
09/11/2023,16:40:18,LongTerm1,,60105,Console Version,10.2.20286.1
09/11/2023,16:40:18,LongTerm1,,60106,Controller Version,24.01.20210712
09/11/2023,16:40:18,LongTerm1,,60107,User Name,Uni Balgrist
09/11/2023,16:40:18,LongTerm1,,60108,Computer Name,DESKTOP-5944NRF
09/11/2023,16:40:18,LongTerm1,,60109,System Name,
09/11/2023,16:40:18,LongTerm1,,60110,Frame Serial Number (System ID),E3LMTM2523
09/11/2023,16:41:09,LongTerm1,Test1,60110,Test Started
09/11/2023,16:41:09,LongTerm1,Test1,60300,Tuning Settings (Linear) - Load String Stiffness(N/mm) = 0.0
09/11/2023,16:41:09,LongTerm1,Test1,60300,Tuning Settings (Linear:Position) - Stiffness Based Tuning state = FixedTuning  
09/11/2023,16:41:09,LongTerm1,Test1,60300,Tuning Settings (Linear:Load) - Stiffness Based Tuning state = DefaultTuned  
09/11/2023,16:41:09,LongTerm1,Test1,60300,Tuning Settings (Linear:Digitale Position) - Stiffness Based Tuning state = DefaultTuned  
09/11/2023,16:44:40,LongTerm1,Test1,60200,Test Status,Test Ended Normally
09/11/2023,16:44:40,LongTerm1,Test1,60120,Total Time,210.943
09/11/2023,16:44:40,LongTerm1,Test1,60121,Total Cycle Count(Linear Waveform),0
09/11/2023,16:44:40,LongTerm1,Test1,62000,SHA-256,Test1.steps.tracking.csv,7321B0B419AC1C9A429FED509459A76634F1728E529D275317B464A0DE53B6B1
09/11/2023,16:44:40,LongTerm1,Test1,62000,SHA-256,Test1.Stop.csv,7321B0B419AC1C9A429FED509459A76634F1728E529D275317B464A0DE53B6B1
09/11/2023,16:44:40,LongTerm1,Test1,60112,Test Finished
09/11/2023,16:46:23,LongTerm1,Test2,60110,Test Started
09/11/2023,16:46:23,LongTerm1,Test2,60300,Tuning Settings (Linear) - Load String Stiffness(N/mm) = 0.0
09/11/2023,16:46:23,LongTerm1,Test2,60300,Tuning Settings (Linear:Position) - Stiffness Based Tuning state = FixedTuning  
09/11/2023,16:46:23,LongTerm1,Test2,60300,Tuning Settings (Linear:Load) - Stiffness Based Tuning state = DefaultTuned  
09/11/2023,16:46:23,LongTerm1,Test2,60300,Tuning Settings (Linear:Digitale Position) - Stiffness Based Tuning state = DefaultTuned  
09/11/2023,16:49:55,LongTerm1,Test2,60200,Test Status,Test Ended Normally
09/11/2023,16:49:55,LongTerm1,Test2,60120,Total Time,211.064
09/11/2023,16:49:55,LongTerm1,Test2,60121,Total Cycle Count(Linear Waveform),0
09/11/2023,16:49:55,LongTerm1,Test2,62000,SHA-256,Test2.steps.tracking.csv,3A8B3B668722F90670850F54929D8423725322CDE6E35C5FB1296B1C060B9214
09/11/2023,16:49:55,LongTerm1,Test2,62000,SHA-256,Test2.Stop.csv,3A8B3B668722F90670850F54929D8423725322CDE6E35C5FB1296B1C060B9214
09/11/2023,16:49:55,LongTerm1,Test2,60112,Test Finished
09/11/2023,16:50:45,LongTerm1,Test3,60110,Test Started
09/11/2023,16:50:45,LongTerm1,Test3,60300,Tuning Settings (Linear) - Load String Stiffness(N/mm) = 0.0
09/11/2023,16:50:45,LongTerm1,Test3,60300,Tuning Settings (Linear:Position) - Stiffness Based Tuning state = FixedTuning  
09/11/2023,16:50:45,LongTerm1,Test3,60300,Tuning Settings (Linear:Load) - Stiffness Based Tuning state = DefaultTuned  
09/11/2023,16:50:45,LongTerm1,Test3,60300,Tuning Settings (Linear:Digitale Position) - Stiffness Based Tuning state = DefaultTuned  
09/11/2023,16:54:16,LongTerm1,Test3,60200,Test Status,Test Ended Normally
09/11/2023,16:54:16,LongTerm1,Test3,60120,Total Time,210.943
09/11/2023,16:54:16,LongTerm1,Test3,60121,Total Cycle Count(Linear Waveform),0
09/11/2023,16:54:16,LongTerm1,Test3,62000,SHA-256,Test3.steps.tracking.csv,5D2B725FABCCD32A175B017C847F355A864ED96435B6986882E93EB8F59F7614
09/11/2023,16:54:16,LongTerm1,Test3,62000,SHA-256,Test3.Stop.csv,5D2B725FABCCD32A175B017C847F355A864ED96435B6986882E93EB8F59F7614
09/11/2023,16:54:16,LongTerm1,Test3,60112,Test Finished
09/11/2023,16:55:25,LongTerm1,Test4,60110,Test Started
09/11/2023,16:55:25,LongTerm1,Test4,60300,Tuning Settings (Linear) - Load String Stiffness(N/mm) = 0.0
09/11/2023,16:55:25,LongTerm1,Test4,60300,Tuning Settings (Linear:Position) - Stiffness Based Tuning state = FixedTuning  
09/11/2023,16:55:25,LongTerm1,Test4,60300,Tuning Settings (Linear:Load) - Stiffness Based Tuning state = DefaultTuned  
09/11/2023,16:55:25,LongTerm1,Test4,60300,Tuning Settings (Linear:Digitale Position) - Stiffness Based Tuning state = DefaultTuned  
09/11/2023,16:58:56,LongTerm1,Test4,60200,Test Status,Test Ended Normally
09/11/2023,16:58:56,LongTerm1,Test4,60120,Total Time,210.937
09/11/2023,16:58:56,LongTerm1,Test4,60121,Total Cycle Count(Linear Waveform),0
09/11/2023,16:58:56,LongTerm1,Test4,62000,SHA-256,Test4.steps.tracking.csv,0D6BA4AAE7BD47CAA399CA301C601BA91079D736DF542C75CF5883B658C2D90F
09/11/2023,16:58:56,LongTerm1,Test4,62000,SHA-256,Test4.Stop.csv,0D6BA4AAE7BD47CAA399CA301C601BA91079D736DF542C75CF5883B658C2D90F
09/11/2023,16:58:56,LongTerm1,Test4,60112,Test Finished
09/11/2023,17:00:29,LongTerm1,Test5,60110,Test Started
09/11/2023,17:00:29,LongTerm1,Test5,60300,Tuning Settings (Linear) - Load String Stiffness(N/mm) = 0.0
09/11/2023,17:00:29,LongTerm1,Test5,60300,Tuning Settings (Linear:Position) - Stiffness Based Tuning state = FixedTuning  
09/11/2023,17:00:29,LongTerm1,Test5,60300,Tuning Settings (Linear:Load) - Stiffness Based Tuning state = DefaultTuned  
09/11/2023,17:00:29,LongTerm1,Test5,60300,Tuning Settings (Linear:Digitale Position) - Stiffness Based Tuning state = DefaultTuned  
09/11/2023,17:04:00,LongTerm1,Test5,60200,Test Status,Test Ended Normally
09/11/2023,17:04:00,LongTerm1,Test5,60120,Total Time,210.687
09/11/2023,17:04:00,LongTerm1,Test5,60121,Total Cycle Count(Linear Waveform),0
09/11/2023,17:04:00,LongTerm1,Test5,62000,SHA-256,Test5.steps.tracking.csv,CCCC9DFAED9BFE020A757CA0E4F81A1905FC67E419E87261CF6C72EB2AE22BEB
09/11/2023,17:04:00,LongTerm1,Test5,62000,SHA-256,Test5.Stop.csv,CCCC9DFAED9BFE020A757CA0E4F81A1905FC67E419E87261CF6C72EB2AE22BEB
09/11/2023,17:04:00,LongTerm1,Test5,60112,Test Finished
09/11/2023,17:04:45,LongTerm1,Test6,60110,Test Started
09/11/2023,17:04:45,LongTerm1,Test6,60300,Tuning Settings (Linear) - Load String Stiffness(N/mm) = 0.0
09/11/2023,17:04:45,LongTerm1,Test6,60300,Tuning Settings (Linear:Position) - Stiffness Based Tuning state = FixedTuning  
09/11/2023,17:04:45,LongTerm1,Test6,60300,Tuning Settings (Linear:Load) - Stiffness Based Tuning state = DefaultTuned  
09/11/2023,17:04:45,LongTerm1,Test6,60300,Tuning Settings (Linear:Digitale Position) - Stiffness Based Tuning state = DefaultTuned  
09/11/2023,17:08:16,LongTerm1,Test6,60200,Test Status,Test Ended Normally
09/11/2023,17:08:16,LongTerm1,Test6,60120,Total Time,210.943
09/11/2023,17:08:16,LongTerm1,Test6,60121,Total Cycle Count(Linear Waveform),0
09/11/2023,17:08:16,LongTerm1,Test6,62000,SHA-256,Test6.steps.tracking.csv,19957847CB0893BD9C86E466718C9204767C50C4EAF92485CB53D7655F5ED96E
09/11/2023,17:08:16,LongTerm1,Test6,62000,SHA-256,Test6.Stop.csv,19957847CB0893BD9C86E466718C9204767C50C4EAF92485CB53D7655F5ED96E
09/11/2023,17:08:16,LongTerm1,Test6,60112,Test Finished
09/11/2023,17:08:52,LongTerm1,Test7,60110,Test Started
09/11/2023,17:08:52,LongTerm1,Test7,60300,Tuning Settings (Linear) - Load String Stiffness(N/mm) = 0.0
09/11/2023,17:08:52,LongTerm1,Test7,60300,Tuning Settings (Linear:Position) - Stiffness Based Tuning state = FixedTuning  
09/11/2023,17:08:52,LongTerm1,Test7,60300,Tuning Settings (Linear:Load) - Stiffness Based Tuning state = DefaultTuned  
09/11/2023,17:08:52,LongTerm1,Test7,60300,Tuning Settings (Linear:Digitale Position) - Stiffness Based Tuning state = DefaultTuned  
09/11/2023,17:12:23,LongTerm1,Test7,60200,Test Status,Test Ended Normally
09/11/2023,17:12:23,LongTerm1,Test7,60120,Total Time,210.943
09/11/2023,17:12:23,LongTerm1,Test7,60121,Total Cycle Count(Linear Waveform),0
09/11/2023,17:12:23,LongTerm1,Test7,62000,SHA-256,Test7.steps.tracking.csv,E87547E57F875CEFD195504AF1FC6F87192FBF88CC00BD87AF88EC202B8CF8A4
09/11/2023,17:12:23,LongTerm1,Test7,62000,SHA-256,Test7.Stop.csv,E87547E57F875CEFD195504AF1FC6F87192FBF88CC00BD87AF88EC202B8CF8A4
09/11/2023,17:12:23,LongTerm1,Test7,60112,Test Finished
09/11/2023,17:12:55,LongTerm1,Test8,60110,Test Started
09/11/2023,17:12:55,LongTerm1,Test8,60300,Tuning Settings (Linear) - Load String Stiffness(N/mm) = 0.0
09/11/2023,17:12:55,LongTerm1,Test8,60300,Tuning Settings (Linear:Position) - Stiffness Based Tuning state = FixedTuning  
09/11/2023,17:12:55,LongTerm1,Test8,60300,Tuning Settings (Linear:Load) - Stiffness Based Tuning state = DefaultTuned  
09/11/2023,17:12:55,LongTerm1,Test8,60300,Tuning Settings (Linear:Digitale Position) - Stiffness Based Tuning state = DefaultTuned  
09/11/2023,17:16:27,LongTerm1,Test8,60200,Test Status,Test Ended Normally
09/11/2023,17:16:27,LongTerm1,Test8,60120,Total Time,210.943
09/11/2023,17:16:27,LongTerm1,Test8,60121,Total Cycle Count(Linear Waveform),0
09/11/2023,17:16:27,LongTerm1,Test8,62000,SHA-256,Test8.steps.tracking.csv,80222927C7BD4D25141C0C655387193A87000B0E1C686E5093921100AFE91EDE
09/11/2023,17:16:27,LongTerm1,Test8,62000,SHA-256,Test8.Stop.csv,80222927C7BD4D25141C0C655387193A87000B0E1C686E5093921100AFE91EDE
09/11/2023,17:16:27,LongTerm1,Test8,60112,Test Finished
09/11/2023,17:16:53,LongTerm1,Test9,60103,Closed
